This is pdfTeX, Version 3.14159265-2.6-1.40.16 (TeX Live 2015/Debian) (preloaded format=pdflatex 2017.6.15)  12 FEB 2016 00:18
entering extended mode
 restricted \write18 enabled.
 %&-line parsing enabled.
**portada.tex
(./portada.tex
LaTeX2e <2016/02/01>
Babel <3.9q> and hyphenation patterns for 8 language(s) loaded.
! Undefined control sequence.
l.13 \degreemonth
                 {Abril}
The control sequence at the end of the top line
of your error message was never \def'ed. If you have
misspelled it (e.g., `\hobx'), type `I' and the correct
spelling (e.g., `I\hbox'). Otherwise just continue,
and I'll forget about whatever was undefined.


! LaTeX Error: Missing \begin{document}.

See the LaTeX manual or LaTeX Companion for explanation.
Type  H <return>  for immediate help.
 ...                                              
                                                  
l.13 \degreemonth{A
                   bril}
You're in trouble here.  Try typing  <return>  to proceed.
If that doesn't work, type  X <return>  to quit.

Missing character: There is no A in font nullfont!
Missing character: There is no b in font nullfont!
Missing character: There is no r in font nullfont!
Missing character: There is no i in font nullfont!
Missing character: There is no l in font nullfont!

Overfull \hbox (20.0pt too wide) in paragraph at lines 13--14
[] 
 []

! Undefined control sequence.
l.16 \degreeyear
                {2013}
The control sequence at the end of the top line
of your error message was never \def'ed. If you have
misspelled it (e.g., `\hobx'), type `I' and the correct
spelling (e.g., `I\hbox'). Otherwise just continue,
and I'll forget about whatever was undefined.


! LaTeX Error: Missing \begin{document}.

See the LaTeX manual or LaTeX Companion for explanation.
Type  H <return>  for immediate help.
 ...                                              
                                                  
l.16 \degreeyear{2
                  013}
You're in trouble here.  Try typing  <return>  to proceed.
If that doesn't work, type  X <return>  to quit.

Missing character: There is no 2 in font nullfont!
Missing character: There is no 0 in font nullfont!
Missing character: There is no 1 in font nullfont!
Missing character: There is no 3 in font nullfont!

Overfull \hbox (20.0pt too wide) in paragraph at lines 16--17
[] 
 []

! Undefined control sequence.
l.19 \degree
            {Físico}
The control sequence at the end of the top line
of your error message was never \def'ed. If you have
misspelled it (e.g., `\hobx'), type `I' and the correct
spelling (e.g., `I\hbox'). Otherwise just continue,
and I'll forget about whatever was undefined.


! LaTeX Error: Missing \begin{document}.

See the LaTeX manual or LaTeX Companion for explanation.
Type  H <return>  for immediate help.
 ...                                              
                                                  
l.19 \degree{F
              ísico}
You're in trouble here.  Try typing  <return>  to proceed.
If that doesn't work, type  X <return>  to quit.

Missing character: There is no F in font nullfont!
Missing character: There is no í in font nullfont!
Missing character: There is no s in font nullfont!
Missing character: There is no i in font nullfont!
Missing character: There is no c in font nullfont!
Missing character: There is no o in font nullfont!

Overfull \hbox (20.0pt too wide) in paragraph at lines 19--20
[] 
 []

! Undefined control sequence.
l.22 \engtitle
              {Classical field theory with higher \mbox{derivatives}}
The control sequence at the end of the top line
of your error message was never \def'ed. If you have
misspelled it (e.g., `\hobx'), type `I' and the correct
spelling (e.g., `I\hbox'). Otherwise just continue,
and I'll forget about whatever was undefined.


! LaTeX Error: Missing \begin{document}.

See the LaTeX manual or LaTeX Companion for explanation.
Type  H <return>  for immediate help.
 ...                                              
                                                  
l.22 \engtitle{C
                lassical field theory with higher \mbox{derivatives}}
You're in trouble here.  Try typing  <return>  to proceed.
If that doesn't work, type  X <return>  to quit.

Missing character: There is no C in font nullfont!
Missing character: There is no l in font nullfont!
Missing character: There is no a in font nullfont!
Missing character: There is no s in font nullfont!
Missing character: There is no s in font nullfont!
Missing character: There is no i in font nullfont!
Missing character: There is no c in font nullfont!
Missing character: There is no a in font nullfont!
Missing character: There is no l in font nullfont!
Missing character: There is no f in font nullfont!
Missing character: There is no i in font nullfont!
Missing character: There is no e in font nullfont!
Missing character: There is no l in font nullfont!
Missing character: There is no d in font nullfont!
Missing character: There is no t in font nullfont!
Missing character: There is no h in font nullfont!
Missing character: There is no e in font nullfont!
Missing character: There is no o in font nullfont!
Missing character: There is no r in font nullfont!
Missing character: There is no y in font nullfont!
Missing character: There is no w in font nullfont!
Missing character: There is no i in font nullfont!
Missing character: There is no t in font nullfont!
Missing character: There is no h in font nullfont!
Missing character: There is no h in font nullfont!
Missing character: There is no i in font nullfont!
Missing character: There is no g in font nullfont!
Missing character: There is no h in font nullfont!
Missing character: There is no e in font nullfont!
Missing character: There is no r in font nullfont!
Missing character: There is no d in font nullfont!
Missing character: There is no e in font nullfont!
Missing character: There is no r in font nullfont!
Missing character: There is no i in font nullfont!
Missing character: There is no v in font nullfont!
Missing character: There is no a in font nullfont!
Missing character: There is no t in font nullfont!
Missing character: There is no i in font nullfont!
Missing character: There is no v in font nullfont!
Missing character: There is no e in font nullfont!
Missing character: There is no s in font nullfont!

Overfull \hbox (20.0pt too wide) in paragraph at lines 22--23
[]
 []

! Undefined control sequence.
l.25 \maketitle
               %NO BORRAR
The control sequence at the end of the top line
of your error message was never \def'ed. If you have
misspelled it (e.g., `\hobx'), type `I' and the correct
spelling (e.g., `I\hbox'). Otherwise just continue,
and I'll forget about whatever was undefined.

! Undefined control sequence.
l.32 \director
              {Ph.D. Carlos Avila}
The control sequence at the end of the top line
of your error message was never \def'ed. If you have
misspelled it (e.g., `\hobx'), type `I' and the correct
spelling (e.g., `I\hbox'). Otherwise just continue,
and I'll forget about whatever was undefined.


! LaTeX Error: Missing \begin{document}.

See the LaTeX manual or LaTeX Companion for explanation.
Type  H <return>  for immediate help.
 ...                                              
                                                  
l.32 \director{P
                h.D. Carlos Avila}
You're in trouble here.  Try typing  <return>  to proceed.
If that doesn't work, type  X <return>  to quit.

Missing character: There is no P in font nullfont!
Missing character: There is no h in font nullfont!
Missing character: There is no . in font nullfont!
Missing character: There is no D in font nullfont!
Missing character: There is no . in font nullfont!
Missing character: There is no C in font nullfont!
Missing character: There is no a in font nullfont!
Missing character: There is no r in font nullfont!
Missing character: There is no l in font nullfont!
Missing character: There is no o in font nullfont!
Missing character: There is no s in font nullfont!
Missing character: There is no A in font nullfont!
Missing character: There is no v in font nullfont!
Missing character: There is no i in font nullfont!
Missing character: There is no l in font nullfont!
Missing character: There is no a in font nullfont!

Overfull \hbox (20.0pt too wide) in paragraph at lines 32--33
[]
 []

! Undefined control sequence.
l.34 \maketitled
                %NO BORRAR
The control sequence at the end of the top line
of your error message was never \def'ed. If you have
misspelled it (e.g., `\hobx'), type `I' and the correct
spelling (e.g., `I\hbox'). Otherwise just continue,
and I'll forget about whatever was undefined.

! Undefined control sequence.
l.37 \copyrightpage
                   %NO BORRAR
The control sequence at the end of the top line
of your error message was never \def'ed. If you have
misspelled it (e.g., `\hobx'), type `I' and the correct
spelling (e.g., `I\hbox'). Otherwise just continue,
and I'll forget about whatever was undefined.

! Undefined control sequence.
l.39 \aceptacion
                %NO BORRAR
The control sequence at the end of the top line
of your error message was never \def'ed. If you have
misspelled it (e.g., `\hobx'), type `I' and the correct
spelling (e.g., `I\hbox'). Otherwise just continue,
and I'll forget about whatever was undefined.

! Undefined control sequence.
l.47 \dedication
                
The control sequence at the end of the top line
of your error message was never \def'ed. If you have
misspelled it (e.g., `\hobx'), type `I' and the correct
spelling (e.g., `I\hbox'). Otherwise just continue,
and I'll forget about whatever was undefined.


! LaTeX Error: Environment acknowledgments undefined.

See the LaTeX manual or LaTeX Companion for explanation.
Type  H <return>  for immediate help.
 ...                                              
                                                  
l.55 \begin{acknowledgments}
                            
Your command was ignored.
Type  I <command> <return>  to replace it with another command,
or  <return>  to continue without it.


! LaTeX Error: Missing \begin{document}.

See the LaTeX manual or LaTeX Companion for explanation.
Type  H <return>  for immediate help.
 ...                                              
                                                  
l.56 A
      gradezco al departamento de física de la universidad de Nariño por dar...

You're in trouble here.  Try typing  <return>  to proceed.
If that doesn't work, type  X <return>  to quit.

Missing character: There is no A in font nullfont!
Missing character: There is no g in font nullfont!
Missing character: There is no r in font nullfont!
Missing character: There is no a in font nullfont!
Missing character: There is no d in font nullfont!
Missing character: There is no e in font nullfont!
Missing character: There is no z in font nullfont!
Missing character: There is no c in font nullfont!
Missing character: There is no o in font nullfont!
Missing character: There is no a in font nullfont!
Missing character: There is no l in font nullfont!
Missing character: There is no d in font nullfont!
Missing character: There is no e in font nullfont!
Missing character: There is no p in font nullfont!
Missing character: There is no a in font nullfont!
Missing character: There is no r in font nullfont!
Missing character: There is no t in font nullfont!
Missing character: There is no a in font nullfont!
Missing character: There is no m in font nullfont!
Missing character: There is no e in font nullfont!
Missing character: There is no n in font nullfont!
Missing character: There is no t in font nullfont!
Missing character: There is no o in font nullfont!
Missing character: There is no d in font nullfont!
Missing character: There is no e in font nullfont!
Missing character: There is no f in font nullfont!
Missing character: There is no í in font nullfont!
Missing character: There is no s in font nullfont!
Missing character: There is no i in font nullfont!
Missing character: There is no c in font nullfont!
Missing character: There is no a in font nullfont!
Missing character: There is no d in font nullfont!
Missing character: There is no e in font nullfont!
Missing character: There is no l in font nullfont!
Missing character: There is no a in font nullfont!
Missing character: There is no u in font nullfont!
Missing character: There is no n in font nullfont!
Missing character: There is no i in font nullfont!
Missing character: There is no v in font nullfont!
Missing character: There is no e in font nullfont!
Missing character: There is no r in font nullfont!
Missing character: There is no s in font nullfont!
Missing character: There is no i in font nullfont!
Missing character: There is no d in font nullfont!
Missing character: There is no a in font nullfont!
Missing character: There is no d in font nullfont!
Missing character: There is no d in font nullfont!
Missing character: There is no e in font nullfont!
Missing character: There is no N in font nullfont!
Missing character: There is no a in font nullfont!
Missing character: There is no r in font nullfont!
Missing character: There is no i in font nullfont!
Missing character: There is no ñ in font nullfont!
Missing character: There is no o in font nullfont!
Missing character: There is no p in font nullfont!
Missing character: There is no o in font nullfont!
Missing character: There is no r in font nullfont!
Missing character: There is no d in font nullfont!
Missing character: There is no a in font nullfont!
Missing character: There is no r in font nullfont!
Missing character: There is no m in font nullfont!
Missing character: There is no e in font nullfont!
Missing character: There is no l in font nullfont!
Missing character: There is no a in font nullfont!
Missing character: There is no o in font nullfont!
Missing character: There is no p in font nullfont!
Missing character: There is no o in font nullfont!
Missing character: There is no r in font nullfont!
Missing character: There is no t in font nullfont!
Missing character: There is no u in font nullfont!
Missing character: There is no n in font nullfont!
Missing character: There is no i in font nullfont!
Missing character: There is no d in font nullfont!
Missing character: There is no a in font nullfont!
Missing character: There is no d in font nullfont!
Missing character: There is no d in font nullfont!
Missing character: There is no e in font nullfont!
Missing character: There is no c in font nullfont!
Missing character: There is no u in font nullfont!
Missing character: There is no m in font nullfont!
Missing character: There is no p in font nullfont!
Missing character: There is no l in font nullfont!
Missing character: There is no i in font nullfont!
Missing character: There is no r in font nullfont!
Missing character: There is no m in font nullfont!
Missing character: There is no i in font nullfont!
Missing character: There is no i in font nullfont!
Missing character: There is no d in font nullfont!
Missing character: There is no e in font nullfont!
Missing character: There is no a in font nullfont!
Missing character: There is no l in font nullfont!
Missing character: There is no , in font nullfont!
Missing character: There is no s in font nullfont!
Missing character: There is no e in font nullfont!
Missing character: There is no r in font nullfont!
Missing character: There is no F in font nullfont!
Missing character: There is no í in font nullfont!
Missing character: There is no s in font nullfont!
Missing character: There is no i in font nullfont!
Missing character: There is no c in font nullfont!
Missing character: There is no o in font nullfont!
Missing character: There is no . in font nullfont!
Missing character: There is no U in font nullfont!
Missing character: There is no n in font nullfont!
Missing character: There is no a in font nullfont!
Missing character: There is no g in font nullfont!
Missing character: There is no r in font nullfont!
Missing character: There is no a in font nullfont!
Missing character: There is no d in font nullfont!
Missing character: There is no e in font nullfont!
Missing character: There is no c in font nullfont!
Missing character: There is no i in font nullfont!
Missing character: There is no m in font nullfont!
Missing character: There is no i in font nullfont!
Missing character: There is no e in font nullfont!
Missing character: There is no n in font nullfont!
Missing character: There is no t in font nullfont!
Missing character: There is no o in font nullfont!
Missing character: There is no e in font nullfont!
Missing character: There is no s in font nullfont!
Missing character: There is no p in font nullfont!
Missing character: There is no e in font nullfont!
Missing character: There is no c in font nullfont!
Missing character: There is no i in font nullfont!
Missing character: There is no a in font nullfont!
Missing character: There is no l in font nullfont!
Missing character: There is no a in font nullfont!
Missing character: There is no m in font nullfont!
Missing character: There is no i in font nullfont!
Missing character: There is no a in font nullfont!
Missing character: There is no s in font nullfont!
Missing character: There is no e in font nullfont!
Missing character: There is no s in font nullfont!
Missing character: There is no o in font nullfont!
Missing character: There is no r in font nullfont!
Missing character: There is no d in font nullfont!
Missing character: There is no e in font nullfont!
Missing character: There is no t in font nullfont!
Missing character: There is no r in font nullfont!
Missing character: There is no a in font nullfont!
Missing character: There is no b in font nullfont!
Missing character: There is no a in font nullfont!
Missing character: There is no j in font nullfont!
Missing character: There is no o in font nullfont!
Missing character: There is no d in font nullfont!
Missing character: There is no e in font nullfont!
Missing character: There is no g in font nullfont!
Missing character: There is no r in font nullfont!
Missing character: There is no a in font nullfont!
Missing character: There is no d in font nullfont!
Missing character: There is no o in font nullfont!
Missing character: There is no e in font nullfont!
Missing character: There is no l in font nullfont!
Missing character: There is no P in font nullfont!
Missing character: There is no h in font nullfont!
Missing character: There is no . in font nullfont!
Missing character: There is no D in font nullfont!
Missing character: There is no . in font nullfont!
Missing character: There is no C in font nullfont!
Missing character: There is no a in font nullfont!
Missing character: There is no r in font nullfont!
Missing character: There is no l in font nullfont!
Missing character: There is no o in font nullfont!
Missing character: There is no s in font nullfont!
Missing character: There is no A in font nullfont!
Missing character: There is no r in font nullfont!
Missing character: There is no t in font nullfont!
Missing character: There is no u in font nullfont!
Missing character: There is no r in font nullfont!
Missing character: There is no o in font nullfont!
Missing character: There is no A in font nullfont!
Missing character: There is no v in font nullfont!
Missing character: There is no i in font nullfont!
Missing character: There is no l in font nullfont!
Missing character: There is no a in font nullfont!
Missing character: There is no B in font nullfont!
Missing character: There is no e in font nullfont!
Missing character: There is no r in font nullfont!
Missing character: There is no n in font nullfont!
Missing character: There is no a in font nullfont!
Missing character: There is no l in font nullfont!
Missing character: There is no , in font nullfont!
Missing character: There is no p in font nullfont!
Missing character: There is no r in font nullfont!
Missing character: There is no o in font nullfont!
Missing character: There is no f in font nullfont!
Missing character: There is no e in font nullfont!
Missing character: There is no s in font nullfont!
Missing character: There is no o in font nullfont!
Missing character: There is no r in font nullfont!
Missing character: There is no t in font nullfont!
Missing character: There is no i in font nullfont!
Missing character: There is no t in font nullfont!
Missing character: There is no u in font nullfont!
Missing character: There is no l in font nullfont!
Missing character: There is no a in font nullfont!
Missing character: There is no r in font nullfont!
Missing character: There is no d in font nullfont!
Missing character: There is no e in font nullfont!
Missing character: There is no l in font nullfont!
Missing character: There is no a in font nullfont!
Missing character: There is no U in font nullfont!
Missing character: There is no n in font nullfont!
Missing character: There is no i in font nullfont!
Missing character: There is no v in font nullfont!
Missing character: There is no e in font nullfont!
Missing character: There is no r in font nullfont!
Missing character: There is no s in font nullfont!
Missing character: There is no i in font nullfont!
Missing character: There is no d in font nullfont!
Missing character: There is no a in font nullfont!
Missing character: There is no d in font nullfont!
Missing character: There is no d in font nullfont!
Missing character: There is no e in font nullfont!
Missing character: There is no l in font nullfont!
Missing character: There is no o in font nullfont!
Missing character: There is no s in font nullfont!
Missing character: There is no a in font nullfont!
Missing character: There is no n in font nullfont!
Missing character: There is no d in font nullfont!
Missing character: There is no e in font nullfont!
Missing character: There is no s in font nullfont!
Missing character: There is no . in font nullfont!
Missing character: There is no P in font nullfont!
Missing character: There is no o in font nullfont!
Missing character: There is no r in font nullfont!
Missing character: There is no s in font nullfont!
Missing character: There is no u in font nullfont!
Missing character: There is no g in font nullfont!
Missing character: There is no r in font nullfont!
Missing character: There is no a in font nullfont!
Missing character: There is no n in font nullfont!
Missing character: There is no c in font nullfont!
Missing character: There is no o in font nullfont!
Missing character: There is no m in font nullfont!
Missing character: There is no p in font nullfont!
Missing character: There is no r in font nullfont!
Missing character: There is no o in font nullfont!
Missing character: There is no m in font nullfont!
Missing character: There is no i in font nullfont!
Missing character: There is no s in font nullfont!
Missing character: There is no o in font nullfont!
Missing character: There is no , in font nullfont!
Missing character: There is no s in font nullfont!
Missing character: There is no u in font nullfont!
Missing character: There is no t in font nullfont!
Missing character: There is no i in font nullfont!
Missing character: There is no e in font nullfont!
Missing character: There is no m in font nullfont!
Missing character: There is no p in font nullfont!
Missing character: There is no o in font nullfont!
Missing character: There is no y in font nullfont!
Missing character: There is no p in font nullfont!
Missing character: There is no o in font nullfont!
Missing character: There is no r in font nullfont!
Missing character: There is no c in font nullfont!
Missing character: There is no o in font nullfont!
Missing character: There is no m in font nullfont!
Missing character: There is no p in font nullfont!
Missing character: There is no a in font nullfont!
Missing character: There is no r in font nullfont!
Missing character: There is no t in font nullfont!
Missing character: There is no i in font nullfont!
Missing character: There is no r in font nullfont!
Missing character: There is no s in font nullfont!
Missing character: There is no u in font nullfont!
Missing character: There is no s in font nullfont!
Missing character: There is no c in font nullfont!
Missing character: There is no o in font nullfont!
Missing character: There is no n in font nullfont!
Missing character: There is no o in font nullfont!
Missing character: There is no c in font nullfont!
Missing character: There is no i in font nullfont!
Missing character: There is no m in font nullfont!
Missing character: There is no i in font nullfont!
Missing character: There is no e in font nullfont!
Missing character: There is no n in font nullfont!
Missing character: There is no t in font nullfont!
Missing character: There is no o in font nullfont!
Missing character: There is no s in font nullfont!
Missing character: There is no . in font nullfont!

Overfull \hbox (20.0pt too wide) in paragraph at lines 56--58
[]
 []


! LaTeX Error: Missing \begin{document}.

See the LaTeX manual or LaTeX Companion for explanation.
Type  H <return>  for immediate help.
 ...                                              
                                                  
l.59 A
       mi familia, especialmente a mi madre Maria Ceron por darme la vida, a...

You're in trouble here.  Try typing  <return>  to proceed.
If that doesn't work, type  X <return>  to quit.

Missing character: There is no A in font nullfont!
Missing character: There is no m in font nullfont!
Missing character: There is no i in font nullfont!
Missing character: There is no f in font nullfont!
Missing character: There is no a in font nullfont!
Missing character: There is no m in font nullfont!
Missing character: There is no i in font nullfont!
Missing character: There is no l in font nullfont!
Missing character: There is no i in font nullfont!
Missing character: There is no a in font nullfont!
Missing character: There is no , in font nullfont!
Missing character: There is no e in font nullfont!
Missing character: There is no s in font nullfont!
Missing character: There is no p in font nullfont!
Missing character: There is no e in font nullfont!
Missing character: There is no c in font nullfont!
Missing character: There is no i in font nullfont!
Missing character: There is no a in font nullfont!
Missing character: There is no l in font nullfont!
Missing character: There is no m in font nullfont!
Missing character: There is no e in font nullfont!
Missing character: There is no n in font nullfont!
Missing character: There is no t in font nullfont!
Missing character: There is no e in font nullfont!
Missing character: There is no a in font nullfont!
Missing character: There is no m in font nullfont!
Missing character: There is no i in font nullfont!
Missing character: There is no m in font nullfont!
Missing character: There is no a in font nullfont!
Missing character: There is no d in font nullfont!
Missing character: There is no r in font nullfont!
Missing character: There is no e in font nullfont!
Missing character: There is no M in font nullfont!
Missing character: There is no a in font nullfont!
Missing character: There is no r in font nullfont!
Missing character: There is no i in font nullfont!
Missing character: There is no a in font nullfont!
Missing character: There is no C in font nullfont!
Missing character: There is no e in font nullfont!
Missing character: There is no r in font nullfont!
Missing character: There is no o in font nullfont!
Missing character: There is no n in font nullfont!
Missing character: There is no p in font nullfont!
Missing character: There is no o in font nullfont!
Missing character: There is no r in font nullfont!
Missing character: There is no d in font nullfont!
Missing character: There is no a in font nullfont!
Missing character: There is no r in font nullfont!
Missing character: There is no m in font nullfont!
Missing character: There is no e in font nullfont!
Missing character: There is no l in font nullfont!
Missing character: There is no a in font nullfont!
Missing character: There is no v in font nullfont!
Missing character: There is no i in font nullfont!
Missing character: There is no d in font nullfont!
Missing character: There is no a in font nullfont!
Missing character: There is no , in font nullfont!
Missing character: There is no a in font nullfont!
Missing character: There is no m in font nullfont!
Missing character: There is no i in font nullfont!
Missing character: There is no s in font nullfont!
Missing character: There is no p in font nullfont!
Missing character: There is no a in font nullfont!
Missing character: There is no d in font nullfont!
Missing character: There is no r in font nullfont!
Missing character: There is no i in font nullfont!
Missing character: There is no n in font nullfont!
Missing character: There is no o in font nullfont!
Missing character: There is no s in font nullfont!
Missing character: There is no : in font nullfont!
Missing character: There is no J in font nullfont!
Missing character: There is no e in font nullfont!
Missing character: There is no s in font nullfont!
Missing character: There is no ú in font nullfont!
Missing character: There is no s in font nullfont!
Missing character: There is no O in font nullfont!
Missing character: There is no r in font nullfont!
Missing character: There is no t in font nullfont!
Missing character: There is no i in font nullfont!
Missing character: There is no z in font nullfont!
Missing character: There is no y in font nullfont!
Missing character: There is no G in font nullfont!
Missing character: There is no e in font nullfont!
Missing character: There is no r in font nullfont!
Missing character: There is no a in font nullfont!
Missing character: There is no r in font nullfont!
Missing character: There is no d in font nullfont!
Missing character: There is no i in font nullfont!
Missing character: There is no n in font nullfont!
Missing character: There is no a in font nullfont!
Missing character: There is no G in font nullfont!
Missing character: There is no u in font nullfont!
Missing character: There is no t in font nullfont!
Missing character: There is no i in font nullfont!
Missing character: There is no e in font nullfont!
Missing character: There is no r in font nullfont!
Missing character: There is no r in font nullfont!
Missing character: There is no e in font nullfont!
Missing character: There is no z in font nullfont!
Missing character: There is no , in font nullfont!
Missing character: There is no a in font nullfont!
Missing character: There is no s in font nullfont!
Missing character: There is no u in font nullfont!
Missing character: There is no h in font nullfont!
Missing character: There is no i in font nullfont!
Missing character: There is no j in font nullfont!
Missing character: There is no o in font nullfont!
Missing character: There is no P in font nullfont!
Missing character: There is no a in font nullfont!
Missing character: There is no b in font nullfont!
Missing character: There is no l in font nullfont!
Missing character: There is no o in font nullfont!
Missing character: There is no O in font nullfont!
Missing character: There is no r in font nullfont!
Missing character: There is no t in font nullfont!
Missing character: There is no i in font nullfont!
Missing character: There is no z in font nullfont!
Missing character: There is no , in font nullfont!
Missing character: There is no a in font nullfont!
Missing character: There is no m in font nullfont!
Missing character: There is no i in font nullfont!
Missing character: There is no h in font nullfont!
Missing character: There is no e in font nullfont!
Missing character: There is no r in font nullfont!
Missing character: There is no m in font nullfont!
Missing character: There is no a in font nullfont!
Missing character: There is no n in font nullfont!
Missing character: There is no a in font nullfont!
Missing character: There is no Y in font nullfont!
Missing character: There is no a in font nullfont!
Missing character: There is no q in font nullfont!
Missing character: There is no u in font nullfont!
Missing character: There is no e in font nullfont!
Missing character: There is no l in font nullfont!
Missing character: There is no i in font nullfont!
Missing character: There is no n in font nullfont!
Missing character: There is no e in font nullfont!
Missing character: There is no M in font nullfont!
Missing character: There is no o in font nullfont!
Missing character: There is no l in font nullfont!
Missing character: There is no i in font nullfont!
Missing character: There is no n in font nullfont!
Missing character: There is no a in font nullfont!
Missing character: There is no . in font nullfont!
Missing character: There is no P in font nullfont!
Missing character: There is no o in font nullfont!
Missing character: There is no r in font nullfont!
Missing character: There is no s in font nullfont!
Missing character: There is no u in font nullfont!
Missing character: There is no a in font nullfont!
Missing character: There is no m in font nullfont!
Missing character: There is no o in font nullfont!
Missing character: There is no r in font nullfont!
Missing character: There is no , in font nullfont!
Missing character: There is no s in font nullfont!
Missing character: There is no u in font nullfont!
Missing character: There is no r in font nullfont!
Missing character: There is no e in font nullfont!
Missing character: There is no s in font nullfont!
Missing character: There is no p in font nullfont!
Missing character: There is no a in font nullfont!
Missing character: There is no l in font nullfont!
Missing character: There is no d in font nullfont!
Missing character: There is no o in font nullfont!
Missing character: There is no i in font nullfont!
Missing character: There is no n in font nullfont!
Missing character: There is no c in font nullfont!
Missing character: There is no o in font nullfont!
Missing character: There is no n in font nullfont!
Missing character: There is no d in font nullfont!
Missing character: There is no i in font nullfont!
Missing character: There is no c in font nullfont!
Missing character: There is no i in font nullfont!
Missing character: There is no o in font nullfont!
Missing character: There is no n in font nullfont!
Missing character: There is no a in font nullfont!
Missing character: There is no l in font nullfont!
Missing character: There is no . in font nullfont!
Missing character: There is no T in font nullfont!
Missing character: There is no o in font nullfont!
Missing character: There is no d in font nullfont!
Missing character: There is no o in font nullfont!
Missing character: There is no l in font nullfont!
Missing character: There is no o in font nullfont!
Missing character: There is no q in font nullfont!
Missing character: There is no u in font nullfont!
Missing character: There is no e in font nullfont!
Missing character: There is no s in font nullfont!
Missing character: There is no o in font nullfont!
Missing character: There is no y in font nullfont!
Missing character: There is no e in font nullfont!
Missing character: There is no s in font nullfont!
Missing character: There is no g in font nullfont!
Missing character: There is no r in font nullfont!
Missing character: There is no a in font nullfont!
Missing character: There is no c in font nullfont!
Missing character: There is no i in font nullfont!
Missing character: There is no a in font nullfont!
Missing character: There is no s in font nullfont!
Missing character: There is no a in font nullfont!
Missing character: There is no u in font nullfont!
Missing character: There is no s in font nullfont!
Missing character: There is no t in font nullfont!
Missing character: There is no e in font nullfont!
Missing character: There is no d in font nullfont!
Missing character: There is no e in font nullfont!
Missing character: There is no s in font nullfont!
Missing character: There is no . in font nullfont!

Overfull \hbox (20.0pt too wide) in paragraph at lines 59--61
[]
 []


! LaTeX Error: Missing \begin{document}.

See the LaTeX manual or LaTeX Companion for explanation.
Type  H <return>  for immediate help.
 ...                                              
                                                  
l.62 A
       mis amigos y compañeros de física, especialmente a Ivan Romo, al prof...

You're in trouble here.  Try typing  <return>  to proceed.
If that doesn't work, type  X <return>  to quit.

Missing character: There is no A in font nullfont!
Missing character: There is no m in font nullfont!
Missing character: There is no i in font nullfont!
Missing character: There is no s in font nullfont!
Missing character: There is no a in font nullfont!
Missing character: There is no m in font nullfont!
Missing character: There is no i in font nullfont!
Missing character: There is no g in font nullfont!
Missing character: There is no o in font nullfont!
Missing character: There is no s in font nullfont!
Missing character: There is no y in font nullfont!
Missing character: There is no c in font nullfont!
Missing character: There is no o in font nullfont!
Missing character: There is no m in font nullfont!
Missing character: There is no p in font nullfont!
Missing character: There is no a in font nullfont!
Missing character: There is no ñ in font nullfont!
Missing character: There is no e in font nullfont!
Missing character: There is no r in font nullfont!
Missing character: There is no o in font nullfont!
Missing character: There is no s in font nullfont!
Missing character: There is no d in font nullfont!
Missing character: There is no e in font nullfont!
Missing character: There is no f in font nullfont!
Missing character: There is no í in font nullfont!
Missing character: There is no s in font nullfont!
Missing character: There is no i in font nullfont!
Missing character: There is no c in font nullfont!
Missing character: There is no a in font nullfont!
Missing character: There is no , in font nullfont!
Missing character: There is no e in font nullfont!
Missing character: There is no s in font nullfont!
Missing character: There is no p in font nullfont!
Missing character: There is no e in font nullfont!
Missing character: There is no c in font nullfont!
Missing character: There is no i in font nullfont!
Missing character: There is no a in font nullfont!
Missing character: There is no l in font nullfont!
Missing character: There is no m in font nullfont!
Missing character: There is no e in font nullfont!
Missing character: There is no n in font nullfont!
Missing character: There is no t in font nullfont!
Missing character: There is no e in font nullfont!
Missing character: There is no a in font nullfont!
Missing character: There is no I in font nullfont!
Missing character: There is no v in font nullfont!
Missing character: There is no a in font nullfont!
Missing character: There is no n in font nullfont!
Missing character: There is no R in font nullfont!
Missing character: There is no o in font nullfont!
Missing character: There is no m in font nullfont!
Missing character: There is no o in font nullfont!
Missing character: There is no , in font nullfont!
Missing character: There is no a in font nullfont!
Missing character: There is no l in font nullfont!
Missing character: There is no p in font nullfont!
Missing character: There is no r in font nullfont!
Missing character: There is no o in font nullfont!
Missing character: There is no f in font nullfont!
Missing character: There is no e in font nullfont!
Missing character: There is no s in font nullfont!
Missing character: There is no o in font nullfont!
Missing character: There is no r in font nullfont!
Missing character: There is no J in font nullfont!
Missing character: There is no a in font nullfont!
Missing character: There is no i in font nullfont!
Missing character: There is no m in font nullfont!
Missing character: There is no e in font nullfont!
Missing character: There is no B in font nullfont!
Missing character: There is no e in font nullfont!
Missing character: There is no t in font nullfont!
Missing character: There is no a in font nullfont!
Missing character: There is no n in font nullfont!
Missing character: There is no c in font nullfont!
Missing character: There is no u in font nullfont!
Missing character: There is no r in font nullfont!
Missing character: There is no t in font nullfont!
Missing character: There is no h in font nullfont!
Missing character: There is no , in font nullfont!
Missing character: There is no a in font nullfont!
Missing character: There is no t in font nullfont!
Missing character: There is no o in font nullfont!
Missing character: There is no d in font nullfont!
Missing character: There is no o in font nullfont!
Missing character: There is no s in font nullfont!
Missing character: There is no y in font nullfont!
Missing character: There is no c in font nullfont!
Missing character: There is no a in font nullfont!
Missing character: There is no d in font nullfont!
Missing character: There is no a in font nullfont!
Missing character: There is no u in font nullfont!
Missing character: There is no n in font nullfont!
Missing character: There is no o in font nullfont!
Missing character: There is no d in font nullfont!
Missing character: There is no e in font nullfont!
Missing character: There is no u in font nullfont!
Missing character: There is no s in font nullfont!
Missing character: There is no t in font nullfont!
Missing character: There is no e in font nullfont!
Missing character: There is no d in font nullfont!
Missing character: There is no e in font nullfont!
Missing character: There is no s in font nullfont!
Missing character: There is no , in font nullfont!

Overfull \hbox (20.0pt too wide) in paragraph at lines 62--63
[]
 []

! Undefined control sequence.
l.64  \huge
           {GRACIAS}.
The control sequence at the end of the top line
of your error message was never \def'ed. If you have
misspelled it (e.g., `\hobx'), type `I' and the correct
spelling (e.g., `I\hbox'). Otherwise just continue,
and I'll forget about whatever was undefined.

Missing character: There is no G in font nullfont!
Missing character: There is no R in font nullfont!
Missing character: There is no A in font nullfont!
Missing character: There is no C in font nullfont!
Missing character: There is no I in font nullfont!
Missing character: There is no A in font nullfont!
Missing character: There is no S in font nullfont!
Missing character: There is no . in font nullfont!

! LaTeX Error: \begin{document} ended by \end{acknowledgments}.

See the LaTeX manual or LaTeX Companion for explanation.
Type  H <return>  for immediate help.
 ...                                              
                                                  
l.67 \end{acknowledgments}
                          
Your command was ignored.
Type  I <command> <return>  to replace it with another command,
or  <return>  to continue without it.


! LaTeX Error: Environment abstract undefined.

See the LaTeX manual or LaTeX Companion for explanation.
Type  H <return>  for immediate help.
 ...                                              
                                                  
l.75 \begin{abstract}
                     
Your command was ignored.
Type  I <command> <return>  to replace it with another command,
or  <return>  to continue without it.

! Undefined control sequence.
l.77 \dsp
         
The control sequence at the end of the top line
of your error message was never \def'ed. If you have
misspelled it (e.g., `\hobx'), type `I' and the correct
spelling (e.g., `I\hbox'). Otherwise just continue,
and I'll forget about whatever was undefined.


! LaTeX Error: Missing \begin{document}.

See the LaTeX manual or LaTeX Companion for explanation.
Type  H <return>  for immediate help.
 ...                                              
                                                  
l.78 E
      n este trabajo se estudiará una teoría clásica de campos con Lagrangia...

You're in trouble here.  Try typing  <return>  to proceed.
If that doesn't work, type  X <return>  to quit.

Missing character: There is no á in font cmti10!
Missing character: There is no í in font cmti10!
Missing character: There is no á in font cmti10!
Missing character: There is no á in font cmti10!
Missing character: There is no í in font cmti10!
Missing character: There is no á in font cmti10!
Missing character: There is no á in font cmti10!
Missing character: There is no é in font cmti10!
Missing character: There is no á in font cmti10!
Missing character: There is no í in font cmti10!
Missing character: There is no ó in font cmti10!
Missing character: There is no í in font cmti10!
Missing character: There is no á in font cmti10!
Missing character: There is no é in font cmti10!
Missing character: There is no ú in font cmti10!
Missing character: There is no í in font cmti10!
Missing character: There is no é in font cmti10!

! LaTeX Error: \begin{document} ended by \end{abstract}.

See the LaTeX manual or LaTeX Companion for explanation.
Type  H <return>  for immediate help.
 ...                                              
                                                  
l.80 \end{abstract}
                   
Your command was ignored.
Type  I <command> <return>  to replace it with another command,
or  <return>  to continue without it.


Overfull \hbox (32.40549pt too wide) in paragraph at lines 78--81
[]\OT1/cmr/m/it/10 En
 []


Overfull \hbox (16.61098pt too wide) in paragraph at lines 78--81
\OT1/cmr/m/it/10 este
 []


Overfull \hbox (15.71652pt too wide) in paragraph at lines 78--81
\OT1/cmr/m/it/10 tra-
 []


Overfull \hbox (17.37766pt too wide) in paragraph at lines 78--81
\OT1/cmr/m/it/10 bajo
 []


Overfull \hbox (8.68883pt too wide) in paragraph at lines 78--81
\OT1/cmr/m/it/10 se
 []


Overfull \hbox (12.26657pt too wide) in paragraph at lines 78--81
\OT1/cmr/m/it/10 es-
 []


Overfull \hbox (12.26657pt too wide) in paragraph at lines 78--81
\OT1/cmr/m/it/10 tu-
 []


Overfull \hbox (17.50545pt too wide) in paragraph at lines 78--81
\OT1/cmr/m/it/10 diar
 []


Overfull \hbox (16.09991pt too wide) in paragraph at lines 78--81
\OT1/cmr/m/it/10 una
 []


Overfull \hbox (21.84982pt too wide) in paragraph at lines 78--81
\OT1/cmr/m/it/10 teora
 []


Overfull \hbox (23.51094pt too wide) in paragraph at lines 78--81
\OT1/cmr/m/it/10 clsica
 []


Overfull \hbox (9.71104pt too wide) in paragraph at lines 78--81
\OT1/cmr/m/it/10 de
 []


Overfull \hbox (20.9554pt too wide) in paragraph at lines 78--81
\OT1/cmr/m/it/10 cam-
 []


Overfull \hbox (13.79991pt too wide) in paragraph at lines 78--81
\OT1/cmr/m/it/10 pos
 []


Overfull \hbox (14.82211pt too wide) in paragraph at lines 78--81
\OT1/cmr/m/it/10 con
 []


Overfull \hbox (14.44987pt too wide) in paragraph at lines 78--81
\OT1/cmr/m/it/10 La-
 []


Overfull \hbox (46.63858pt too wide) in paragraph at lines 78--81
\OT1/cmr/m/it/10 grangianos
 []


Overfull \hbox (9.71104pt too wide) in paragraph at lines 78--81
\OT1/cmr/m/it/10 de
 []


Overfull \hbox (12.90546pt too wide) in paragraph at lines 78--81
\OT1/cmr/m/it/10 or-
 []


Overfull \hbox (15.33324pt too wide) in paragraph at lines 78--81
\OT1/cmr/m/it/10 den
 []


Overfull \hbox (35.26642pt too wide) in paragraph at lines 78--81
[]
 []


Overfull \hbox (10.22215pt too wide) in paragraph at lines 78--81
\OT1/cmr/m/it/10 en
 []


Overfull \hbox (11.7555pt too wide) in paragraph at lines 78--81
\OT1/cmr/m/it/10 las
 []


Overfull \hbox (44.08305pt too wide) in paragraph at lines 78--81
\OT1/cmr/m/it/10 derivadas.
 []


Overfull \hbox (14.961pt too wide) in paragraph at lines 78--81
\OT1/cmr/m/it/10 Los
 []


Overfull \hbox (21.5943pt too wide) in paragraph at lines 78--81
\OT1/cmr/m/it/10 prin-
 []


Overfull \hbox (11.24435pt too wide) in paragraph at lines 78--81
\OT1/cmr/m/it/10 ci-
 []


Overfull \hbox (8.68883pt too wide) in paragraph at lines 78--81
\OT1/cmr/m/it/10 p-
 []


Overfull \hbox (12.2666pt too wide) in paragraph at lines 78--81
\OT1/cmr/m/it/10 ios
 []


Overfull \hbox (15.33322pt too wide) in paragraph at lines 78--81
\OT1/cmr/m/it/10 bsi-
 []


Overfull \hbox (13.28879pt too wide) in paragraph at lines 78--81
\OT1/cmr/m/it/10 cos
 []


Overfull \hbox (9.71104pt too wide) in paragraph at lines 78--81
\OT1/cmr/m/it/10 de
 []


Overfull \hbox (16.09991pt too wide) in paragraph at lines 78--81
\OT1/cmr/m/it/10 una
 []


Overfull \hbox (21.84982pt too wide) in paragraph at lines 78--81
\OT1/cmr/m/it/10 teora
 []


Overfull \hbox (23.51094pt too wide) in paragraph at lines 78--81
\OT1/cmr/m/it/10 clsica
 []


Overfull \hbox (9.71104pt too wide) in paragraph at lines 78--81
\OT1/cmr/m/it/10 de
 []


Overfull \hbox (20.9554pt too wide) in paragraph at lines 78--81
\OT1/cmr/m/it/10 cam-
 []


Overfull \hbox (13.79991pt too wide) in paragraph at lines 78--81
\OT1/cmr/m/it/10 pos
 []


Overfull \hbox (35.2664pt too wide) in paragraph at lines 78--81
[]
 []


Overfull \hbox (47.27744pt too wide) in paragraph at lines 78--81
[]
 []


Overfull \hbox (11.7555pt too wide) in paragraph at lines 78--81
\OT1/cmr/m/it/10 las
 []


Overfull \hbox (22.74426pt too wide) in paragraph at lines 78--81
\OT1/cmr/m/it/10 ecua-
 []


Overfull \hbox (27.08871pt too wide) in paragraph at lines 78--81
\OT1/cmr/m/it/10 ciones
 []


Overfull \hbox (9.71104pt too wide) in paragraph at lines 78--81
\OT1/cmr/m/it/10 de
 []


Overfull \hbox (30.15535pt too wide) in paragraph at lines 78--81
\OT1/cmr/m/it/10 campo,
 []


Overfull \hbox (11.7555pt too wide) in paragraph at lines 78--81
\OT1/cmr/m/it/10 las
 []


Overfull \hbox (22.74426pt too wide) in paragraph at lines 78--81
\OT1/cmr/m/it/10 ecua-
 []


Overfull \hbox (27.08871pt too wide) in paragraph at lines 78--81
\OT1/cmr/m/it/10 ciones
 []


Overfull \hbox (9.71104pt too wide) in paragraph at lines 78--81
\OT1/cmr/m/it/10 de
 []


Overfull \hbox (29.92204pt too wide) in paragraph at lines 78--81
\OT1/cmr/m/it/10 Hamil-
 []


Overfull \hbox (14.05547pt too wide) in paragraph at lines 78--81
\OT1/cmr/m/it/10 ton
 []


Overfull \hbox (4.85551pt too wide) in paragraph at lines 78--81
\OT1/cmr/m/it/10 y
 []


Overfull \hbox (7.1555pt too wide) in paragraph at lines 78--81
\OT1/cmr/m/it/10 el
 []


Overfull \hbox (29.38869pt too wide) in paragraph at lines 78--81
\OT1/cmr/m/it/10 primer
 []


Overfull \hbox (16.09985pt too wide) in paragraph at lines 78--81
\OT1/cmr/m/it/10 teo-
 []


Overfull \hbox (21.59428pt too wide) in paragraph at lines 78--81
\OT1/cmr/m/it/10 rema
 []


Overfull \hbox (9.71104pt too wide) in paragraph at lines 78--81
\OT1/cmr/m/it/10 de
 []


Overfull \hbox (33.88307pt too wide) in paragraph at lines 78--81
\OT1/cmr/m/it/10 Noether
 []


Overfull \hbox (17.88878pt too wide) in paragraph at lines 78--81
\OT1/cmr/m/it/10 aso-
 []


Overfull \hbox (11.24435pt too wide) in paragraph at lines 78--81
\OT1/cmr/m/it/10 ci-
 []


Overfull \hbox (15.33325pt too wide) in paragraph at lines 78--81
\OT1/cmr/m/it/10 ado
 []


Overfull \hbox (14.82211pt too wide) in paragraph at lines 78--81
\OT1/cmr/m/it/10 con
 []


Overfull \hbox (7.1555pt too wide) in paragraph at lines 78--81
\OT1/cmr/m/it/10 el
 []


Overfull \hbox (23.89427pt too wide) in paragraph at lines 78--81
\OT1/cmr/m/it/10 grupo
 []


Overfull \hbox (9.71104pt too wide) in paragraph at lines 78--81
\OT1/cmr/m/it/10 de
 []


Overfull \hbox (37.06642pt too wide) in paragraph at lines 78--81
\OT1/cmr/m/it/10 Poincar.
 []


Overfull \hbox (10.22215pt too wide) in paragraph at lines 78--81
\OT1/cmr/m/it/10 Se
 []


Overfull \hbox (13.28879pt too wide) in paragraph at lines 78--81
\OT1/cmr/m/it/10 de-
 []


Overfull \hbox (22.36096pt too wide) in paragraph at lines 78--81
\OT1/cmr/m/it/10 ducir
 []


Overfull \hbox (7.1555pt too wide) in paragraph at lines 78--81
\OT1/cmr/m/it/10 el
 []


Overfull \hbox (12.26657pt too wide) in paragraph at lines 78--81
\OT1/cmr/m/it/10 se-
 []


Overfull \hbox (25.81096pt too wide) in paragraph at lines 78--81
\OT1/cmr/m/it/10 gundo
 []


Overfull \hbox (16.09985pt too wide) in paragraph at lines 78--81
\OT1/cmr/m/it/10 teo-
 []


Overfull \hbox (21.59428pt too wide) in paragraph at lines 78--81
\OT1/cmr/m/it/10 rema
 []


Overfull \hbox (9.71104pt too wide) in paragraph at lines 78--81
\OT1/cmr/m/it/10 de
 []


Overfull \hbox (33.88307pt too wide) in paragraph at lines 78--81
\OT1/cmr/m/it/10 Noether
 []


Overfull \hbox (18.52763pt too wide) in paragraph at lines 78--81
\OT1/cmr/m/it/10 para
 []


Overfull \hbox (16.09985pt too wide) in paragraph at lines 78--81
\OT1/cmr/m/it/10 teo-
 []


Overfull \hbox (12.90546pt too wide) in paragraph at lines 78--81
\OT1/cmr/m/it/10 ras
 []


Overfull \hbox (24.2776pt too wide) in paragraph at lines 78--81
\OT1/cmr/m/it/10 gauge
 []


Overfull \hbox (14.82211pt too wide) in paragraph at lines 78--81
\OT1/cmr/m/it/10 con
 []


Overfull \hbox (41.0164pt too wide) in paragraph at lines 78--81
\OT1/cmr/m/it/10 derivadas
 []


Overfull \hbox (13.03325pt too wide) in paragraph at lines 78--81
\OT1/cmr/m/it/10 su-
 []


Overfull \hbox (12.77766pt too wide) in paragraph at lines 78--81
\OT1/cmr/m/it/10 pe-
 []


Overfull \hbox (10.86102pt too wide) in paragraph at lines 78--81
\OT1/cmr/m/it/10 ri-
 []


Overfull \hbox (20.57207pt too wide) in paragraph at lines 78--81
\OT1/cmr/m/it/10 ores,
 []


Overfull \hbox (7.1555pt too wide) in paragraph at lines 78--81
\OT1/cmr/m/it/10 el
 []


Overfull \hbox (12.26657pt too wide) in paragraph at lines 78--81
\OT1/cmr/m/it/10 es-
 []


Overfull \hbox (12.26657pt too wide) in paragraph at lines 78--81
\OT1/cmr/m/it/10 tu-
 []


Overfull \hbox (13.28882pt too wide) in paragraph at lines 78--81
\OT1/cmr/m/it/10 dio
 []


Overfull \hbox (18.39986pt too wide) in paragraph at lines 78--81
\OT1/cmr/m/it/10 can-
 []


Overfull \hbox (17.88876pt too wide) in paragraph at lines 78--81
\OT1/cmr/m/it/10 nico
 []


Overfull \hbox (9.71104pt too wide) in paragraph at lines 78--81
\OT1/cmr/m/it/10 de
 []


Overfull \hbox (12.26657pt too wide) in paragraph at lines 78--81
\OT1/cmr/m/it/10 es-
 []


Overfull \hbox (12.52214pt too wide) in paragraph at lines 78--81
\OT1/cmr/m/it/10 tas
 []


Overfull \hbox (16.09985pt too wide) in paragraph at lines 78--81
\OT1/cmr/m/it/10 teo-
 []


Overfull \hbox (12.90546pt too wide) in paragraph at lines 78--81
\OT1/cmr/m/it/10 ras
 []


Overfull \hbox (8.68883pt too wide) in paragraph at lines 78--81
\OT1/cmr/m/it/10 se
 []


Overfull \hbox (11.88321pt too wide) in paragraph at lines 78--81
\OT1/cmr/m/it/10 re-
 []


Overfull \hbox (24.14986pt too wide) in paragraph at lines 78--81
\OT1/cmr/m/it/10 alizar
 []


Overfull \hbox (13.92767pt too wide) in paragraph at lines 78--81
\OT1/cmr/m/it/10 por
 []


Overfull \hbox (7.1555pt too wide) in paragraph at lines 78--81
\OT1/cmr/m/it/10 el
 []


Overfull \hbox (26.32205pt too wide) in paragraph at lines 78--81
\OT1/cmr/m/it/10 mtodo
 []


Overfull \hbox (9.71104pt too wide) in paragraph at lines 78--81
\OT1/cmr/m/it/10 de
 []


Overfull \hbox (27.0998pt too wide) in paragraph at lines 78--81
\OT1/cmr/m/it/10 Dirac.
 []


Overfull \hbox (16.11101pt too wide) in paragraph at lines 78--81
\OT1/cmr/m/it/10 Por
 []


Overfull \hbox (25.29985pt too wide) in paragraph at lines 78--81
\OT1/cmr/m/it/10 ltimo,
 []


Overfull \hbox (8.68883pt too wide) in paragraph at lines 78--81
\OT1/cmr/m/it/10 se
 []


Overfull \hbox (12.26657pt too wide) in paragraph at lines 78--81
\OT1/cmr/m/it/10 es-
 []


Overfull \hbox (12.26657pt too wide) in paragraph at lines 78--81
\OT1/cmr/m/it/10 tu-
 []


Overfull \hbox (13.28882pt too wide) in paragraph at lines 78--81
\OT1/cmr/m/it/10 dia
 []


Overfull \hbox (7.66663pt too wide) in paragraph at lines 78--81
\OT1/cmr/m/it/10 la
 []


Overfull \hbox (21.84982pt too wide) in paragraph at lines 78--81
\OT1/cmr/m/it/10 teora
 []


Overfull \hbox (19.42204pt too wide) in paragraph at lines 78--81
\OT1/cmr/m/it/10 elec-
 []


Overfull \hbox (15.71652pt too wide) in paragraph at lines 78--81
\OT1/cmr/m/it/10 tro-
 []


Overfull \hbox (21.46652pt too wide) in paragraph at lines 78--81
\OT1/cmr/m/it/10 mag-
 []


Overfull \hbox (9.19994pt too wide) in paragraph at lines 78--81
\OT1/cmr/m/it/10 n-
 []


Overfull \hbox (15.58876pt too wide) in paragraph at lines 78--81
\OT1/cmr/m/it/10 tica
 []


Overfull \hbox (9.71104pt too wide) in paragraph at lines 78--81
\OT1/cmr/m/it/10 de
 []


Overfull \hbox (27.73871pt too wide) in paragraph at lines 78--81
\OT1/cmr/m/it/10 Podol-
 []


Overfull \hbox (16.611pt too wide) in paragraph at lines 78--81
\OT1/cmr/m/it/10 sky.
 []


! LaTeX Error: Environment engabstract undefined.

See the LaTeX manual or LaTeX Companion for explanation.
Type  H <return>  for immediate help.
 ...                                              
                                                  
l.87 \begin{engabstract}
                        
Your command was ignored.
Type  I <command> <return>  to replace it with another command,
or  <return>  to continue without it.


! LaTeX Error: Missing \begin{document}.

See the LaTeX manual or LaTeX Companion for explanation.
Type  H <return>  for immediate help.
 ...                                              
                                                  
l.89 I
      n this work we are going to study classical field theory with higher d...

You're in trouble here.  Try typing  <return>  to proceed.
If that doesn't work, type  X <return>  to quit.

Missing character: There is no é in font cmti10!

! LaTeX Error: \begin{document} ended by \end{engabstract}.

See the LaTeX manual or LaTeX Companion for explanation.
Type  H <return>  for immediate help.
 ...                                              
                                                  
l.91 \end{engabstract}
                      
Your command was ignored.
Type  I <command> <return>  to replace it with another command,
or  <return>  to continue without it.


Overfull \hbox (29.47772pt too wide) in paragraph at lines 89--92
[]\OT1/cmr/m/it/10 In
 []


Overfull \hbox (15.58879pt too wide) in paragraph at lines 89--92
\OT1/cmr/m/it/10 this
 []


Overfull \hbox (20.57208pt too wide) in paragraph at lines 89--92
\OT1/cmr/m/it/10 work
 []


Overfull \hbox (11.24437pt too wide) in paragraph at lines 89--92
\OT1/cmr/m/it/10 we
 []


Overfull \hbox (13.41655pt too wide) in paragraph at lines 89--92
\OT1/cmr/m/it/10 are
 []


Overfull \hbox (13.28879pt too wide) in paragraph at lines 89--92
\OT1/cmr/m/it/10 go-
 []


Overfull \hbox (13.2888pt too wide) in paragraph at lines 89--92
\OT1/cmr/m/it/10 ing
 []


Overfull \hbox (8.43327pt too wide) in paragraph at lines 89--92
\OT1/cmr/m/it/10 to
 []


Overfull \hbox (22.7443pt too wide) in paragraph at lines 89--92
\OT1/cmr/m/it/10 study
 []


Overfull \hbox (19.9332pt too wide) in paragraph at lines 89--92
\OT1/cmr/m/it/10 clas-
 []


Overfull \hbox (10.73326pt too wide) in paragraph at lines 89--92
\OT1/cmr/m/it/10 si-
 []


Overfull \hbox (11.75546pt too wide) in paragraph at lines 89--92
\OT1/cmr/m/it/10 cal
 []


Overfull \hbox (17.88878pt too wide) in paragraph at lines 89--92
\OT1/cmr/m/it/10 field
 []


Overfull \hbox (16.61098pt too wide) in paragraph at lines 89--92
\OT1/cmr/m/it/10 the-
 []


Overfull \hbox (14.18323pt too wide) in paragraph at lines 89--92
\OT1/cmr/m/it/10 ory
 []


Overfull \hbox (18.14433pt too wide) in paragraph at lines 89--92
\OT1/cmr/m/it/10 with
 []


Overfull \hbox (26.70537pt too wide) in paragraph at lines 89--92
\OT1/cmr/m/it/10 higher
 []


Overfull \hbox (30.28311pt too wide) in paragraph at lines 89--92
\OT1/cmr/m/it/10 deriva-
 []


Overfull \hbox (22.74428pt too wide) in paragraph at lines 89--92
\OT1/cmr/m/it/10 tives.
 []


Overfull \hbox (16.86655pt too wide) in paragraph at lines 89--92
\OT1/cmr/m/it/10 The
 []


Overfull \hbox (12.77766pt too wide) in paragraph at lines 89--92
\OT1/cmr/m/it/10 ba-
 []


Overfull \hbox (11.75548pt too wide) in paragraph at lines 89--92
\OT1/cmr/m/it/10 sic
 []


Overfull \hbox (21.5943pt too wide) in paragraph at lines 89--92
\OT1/cmr/m/it/10 prin-
 []


Overfull \hbox (11.24435pt too wide) in paragraph at lines 89--92
\OT1/cmr/m/it/10 ci-
 []


Overfull \hbox (16.35545pt too wide) in paragraph at lines 89--92
\OT1/cmr/m/it/10 ples
 []


Overfull \hbox (8.17773pt too wide) in paragraph at lines 89--92
\OT1/cmr/m/it/10 of
 []


Overfull \hbox (19.9332pt too wide) in paragraph at lines 89--92
\OT1/cmr/m/it/10 clas-
 []


Overfull \hbox (10.73326pt too wide) in paragraph at lines 89--92
\OT1/cmr/m/it/10 si-
 []


Overfull \hbox (11.75546pt too wide) in paragraph at lines 89--92
\OT1/cmr/m/it/10 cal
 []


Overfull \hbox (17.88878pt too wide) in paragraph at lines 89--92
\OT1/cmr/m/it/10 field
 []


Overfull \hbox (16.61098pt too wide) in paragraph at lines 89--92
\OT1/cmr/m/it/10 the-
 []


Overfull \hbox (14.18323pt too wide) in paragraph at lines 89--92
\OT1/cmr/m/it/10 ory
 []


Overfull \hbox (15.33325pt too wide) in paragraph at lines 89--92
\OT1/cmr/m/it/10 will
 []


Overfull \hbox (11.24437pt too wide) in paragraph at lines 89--92
\OT1/cmr/m/it/10 al-
 []


Overfull \hbox (14.31104pt too wide) in paragraph at lines 89--92
\OT1/cmr/m/it/10 low
 []


Overfull \hbox (8.43327pt too wide) in paragraph at lines 89--92
\OT1/cmr/m/it/10 to
 []


Overfull \hbox (18.39986pt too wide) in paragraph at lines 89--92
\OT1/cmr/m/it/10 gen-
 []


Overfull \hbox (12.39433pt too wide) in paragraph at lines 89--92
\OT1/cmr/m/it/10 er-
 []


Overfull \hbox (11.24437pt too wide) in paragraph at lines 89--92
\OT1/cmr/m/it/10 al-
 []


Overfull \hbox (11.75548pt too wide) in paragraph at lines 89--92
\OT1/cmr/m/it/10 ize
 []


Overfull \hbox (13.03323pt too wide) in paragraph at lines 89--92
\OT1/cmr/m/it/10 the
 []


Overfull \hbox (17.88878pt too wide) in paragraph at lines 89--92
\OT1/cmr/m/it/10 field
 []


Overfull \hbox (22.74426pt too wide) in paragraph at lines 89--92
\OT1/cmr/m/it/10 equa-
 []


Overfull \hbox (24.27763pt too wide) in paragraph at lines 89--92
\OT1/cmr/m/it/10 tions,
 []


Overfull \hbox (29.92204pt too wide) in paragraph at lines 89--92
\OT1/cmr/m/it/10 Hamil-
 []


Overfull \hbox (20.18877pt too wide) in paragraph at lines 89--92
\OT1/cmr/m/it/10 ton's
 []


Overfull \hbox (22.74426pt too wide) in paragraph at lines 89--92
\OT1/cmr/m/it/10 equa-
 []


Overfull \hbox (21.21098pt too wide) in paragraph at lines 89--92
\OT1/cmr/m/it/10 tions
 []


Overfull \hbox (15.84436pt too wide) in paragraph at lines 89--92
\OT1/cmr/m/it/10 and
 []


Overfull \hbox (13.03323pt too wide) in paragraph at lines 89--92
\OT1/cmr/m/it/10 the
 []


Overfull \hbox (17.24988pt too wide) in paragraph at lines 89--92
\OT1/cmr/m/it/10 first
 []


Overfull \hbox (33.88307pt too wide) in paragraph at lines 89--92
\OT1/cmr/m/it/10 Noether
 []


Overfull \hbox (16.61098pt too wide) in paragraph at lines 89--92
\OT1/cmr/m/it/10 the-
 []


Overfull \hbox (8.68883pt too wide) in paragraph at lines 89--92
\OT1/cmr/m/it/10 o-
 []


Overfull \hbox (16.4832pt too wide) in paragraph at lines 89--92
\OT1/cmr/m/it/10 rem
 []


Overfull \hbox (12.7777pt too wide) in paragraph at lines 89--92
\OT1/cmr/m/it/10 as-
 []


Overfull \hbox (12.7777pt too wide) in paragraph at lines 89--92
\OT1/cmr/m/it/10 so-
 []


Overfull \hbox (20.69984pt too wide) in paragraph at lines 89--92
\OT1/cmr/m/it/10 ciate
 []


Overfull \hbox (18.14433pt too wide) in paragraph at lines 89--92
\OT1/cmr/m/it/10 with
 []


Overfull \hbox (13.03323pt too wide) in paragraph at lines 89--92
\OT1/cmr/m/it/10 the
 []


Overfull \hbox (23.89427pt too wide) in paragraph at lines 89--92
\OT1/cmr/m/it/10 group
 []


Overfull \hbox (8.17773pt too wide) in paragraph at lines 89--92
\OT1/cmr/m/it/10 of
 []


Overfull \hbox (37.06642pt too wide) in paragraph at lines 89--92
\OT1/cmr/m/it/10 Poincar.
 []


Overfull \hbox (23.40536pt too wide) in paragraph at lines 89--92
\OT1/cmr/m/it/10 Here,
 []


Overfull \hbox (11.24437pt too wide) in paragraph at lines 89--92
\OT1/cmr/m/it/10 we
 []


Overfull \hbox (15.33325pt too wide) in paragraph at lines 89--92
\OT1/cmr/m/it/10 will
 []


Overfull \hbox (13.28879pt too wide) in paragraph at lines 89--92
\OT1/cmr/m/it/10 de-
 []


Overfull \hbox (19.16652pt too wide) in paragraph at lines 89--92
\OT1/cmr/m/it/10 duce
 []


Overfull \hbox (13.03323pt too wide) in paragraph at lines 89--92
\OT1/cmr/m/it/10 the
 []


Overfull \hbox (16.35541pt too wide) in paragraph at lines 89--92
\OT1/cmr/m/it/10 sec-
 []


Overfull \hbox (15.84436pt too wide) in paragraph at lines 89--92
\OT1/cmr/m/it/10 ond
 []


Overfull \hbox (33.88307pt too wide) in paragraph at lines 89--92
\OT1/cmr/m/it/10 Noether
 []


Overfull \hbox (16.61098pt too wide) in paragraph at lines 89--92
\OT1/cmr/m/it/10 the-
 []


Overfull \hbox (8.68883pt too wide) in paragraph at lines 89--92
\OT1/cmr/m/it/10 o-
 []


Overfull \hbox (16.4832pt too wide) in paragraph at lines 89--92
\OT1/cmr/m/it/10 rem
 []


Overfull \hbox (12.39436pt too wide) in paragraph at lines 89--92
\OT1/cmr/m/it/10 for
 []


Overfull \hbox (24.2776pt too wide) in paragraph at lines 89--92
\OT1/cmr/m/it/10 gauge
 []


Overfull \hbox (16.61098pt too wide) in paragraph at lines 89--92
\OT1/cmr/m/it/10 the-
 []


Overfull \hbox (8.68883pt too wide) in paragraph at lines 89--92
\OT1/cmr/m/it/10 o-
 []


Overfull \hbox (15.9721pt too wide) in paragraph at lines 89--92
\OT1/cmr/m/it/10 ries
 []


Overfull \hbox (13.28879pt too wide) in paragraph at lines 89--92
\OT1/cmr/m/it/10 de-
 []


Overfull \hbox (24.6609pt too wide) in paragraph at lines 89--92
\OT1/cmr/m/it/10 scribe
 []


Overfull \hbox (9.45547pt too wide) in paragraph at lines 89--92
\OT1/cmr/m/it/10 by
 []


Overfull \hbox (26.70537pt too wide) in paragraph at lines 89--92
\OT1/cmr/m/it/10 higher
 []


Overfull \hbox (30.28311pt too wide) in paragraph at lines 89--92
\OT1/cmr/m/it/10 deriva-
 []


Overfull \hbox (19.67763pt too wide) in paragraph at lines 89--92
\OT1/cmr/m/it/10 tives
 []


Overfull \hbox (15.84436pt too wide) in paragraph at lines 89--92
\OT1/cmr/m/it/10 and
 []


Overfull \hbox (10.4777pt too wide) in paragraph at lines 89--92
\OT1/cmr/m/it/10 its
 []


Overfull \hbox (29.13313pt too wide) in paragraph at lines 89--92
\OT1/cmr/m/it/10 canon-
 []


Overfull \hbox (6.6444pt too wide) in paragraph at lines 89--92
\OT1/cmr/m/it/10 i-
 []


Overfull \hbox (11.75546pt too wide) in paragraph at lines 89--92
\OT1/cmr/m/it/10 cal
 []


Overfull \hbox (22.7443pt too wide) in paragraph at lines 89--92
\OT1/cmr/m/it/10 study
 []


Overfull \hbox (15.33325pt too wide) in paragraph at lines 89--92
\OT1/cmr/m/it/10 will
 []


Overfull \hbox (8.6888pt too wide) in paragraph at lines 89--92
\OT1/cmr/m/it/10 be
 []


Overfull \hbox (11.88321pt too wide) in paragraph at lines 89--92
\OT1/cmr/m/it/10 re-
 []


Overfull \hbox (11.24437pt too wide) in paragraph at lines 89--92
\OT1/cmr/m/it/10 al-
 []


Overfull \hbox (16.35544pt too wide) in paragraph at lines 89--92
\OT1/cmr/m/it/10 ized
 []


Overfull \hbox (9.45547pt too wide) in paragraph at lines 89--92
\OT1/cmr/m/it/10 by
 []


Overfull \hbox (13.03323pt too wide) in paragraph at lines 89--92
\OT1/cmr/m/it/10 the
 []


Overfull \hbox (24.03314pt too wide) in paragraph at lines 89--92
\OT1/cmr/m/it/10 Dirac
 []


Overfull \hbox (33.98866pt too wide) in paragraph at lines 89--92
\OT1/cmr/m/it/10 method.
 []


Overfull \hbox (13.17212pt too wide) in paragraph at lines 89--92
\OT1/cmr/m/it/10 Fi-
 []


Overfull \hbox (24.27763pt too wide) in paragraph at lines 89--92
\OT1/cmr/m/it/10 nally,
 []


Overfull \hbox (11.24437pt too wide) in paragraph at lines 89--92
\OT1/cmr/m/it/10 we
 []


Overfull \hbox (13.41655pt too wide) in paragraph at lines 89--92
\OT1/cmr/m/it/10 are
 []


Overfull \hbox (13.28879pt too wide) in paragraph at lines 89--92
\OT1/cmr/m/it/10 go-
 []


Overfull \hbox (13.2888pt too wide) in paragraph at lines 89--92
\OT1/cmr/m/it/10 ing
 []


Overfull \hbox (8.43327pt too wide) in paragraph at lines 89--92
\OT1/cmr/m/it/10 to
 []


Overfull \hbox (22.7443pt too wide) in paragraph at lines 89--92
\OT1/cmr/m/it/10 study
 []


Overfull \hbox (13.03323pt too wide) in paragraph at lines 89--92
\OT1/cmr/m/it/10 the
 []


Overfull \hbox (27.73871pt too wide) in paragraph at lines 89--92
\OT1/cmr/m/it/10 Podol-
 []


Overfull \hbox (13.54434pt too wide) in paragraph at lines 89--92
\OT1/cmr/m/it/10 sky
 []


Overfull \hbox (19.42204pt too wide) in paragraph at lines 89--92
\OT1/cmr/m/it/10 elec-
 []


Overfull \hbox (15.71652pt too wide) in paragraph at lines 89--92
\OT1/cmr/m/it/10 tro-
 []


Overfull \hbox (21.46652pt too wide) in paragraph at lines 89--92
\OT1/cmr/m/it/10 mag-
 []


Overfull \hbox (21.21095pt too wide) in paragraph at lines 89--92
\OT1/cmr/m/it/10 netic
 []


Overfull \hbox (16.61098pt too wide) in paragraph at lines 89--92
\OT1/cmr/m/it/10 the-
 []


Overfull \hbox (17.24988pt too wide) in paragraph at lines 89--92
\OT1/cmr/m/it/10 ory.
 []


! LaTeX Error: The font size command \normalsize is not defined:
               there is probably something wrong with the class file.

See the LaTeX manual or LaTeX Companion for explanation.
Type  H <return>  for immediate help.
 ...                                              
                                                  
l.92 
     
Your command was ignored.
Type  I <command> <return>  to replace it with another command,
or  <return>  to continue without it.

[1{/var/lib/texmf/fonts/map/pdftex/updmap/pdftex.map}]
! Undefined control sequence.
l.99 \tableofcontents
                     
The control sequence at the end of the top line
of your error message was never \def'ed. If you have
misspelled it (e.g., `\hobx'), type `I' and the correct
spelling (e.g., `I\hbox'). Otherwise just continue,
and I'll forget about whatever was undefined.

! Undefined control sequence.
l.106 \thesislistofsymbols
                          {Glosario/glosario}
The control sequence at the end of the top line
of your error message was never \def'ed. If you have
misspelled it (e.g., `\hobx'), type `I' and the correct
spelling (e.g., `I\hbox'). Otherwise just continue,
and I'll forget about whatever was undefined.


! LaTeX Error: Missing \begin{document}.

See the LaTeX manual or LaTeX Companion for explanation.
Type  H <return>  for immediate help.
 ...                                              
                                                  
l.106 \thesislistofsymbols{G
                            losario/glosario}
You're in trouble here.  Try typing  <return>  to proceed.
If that doesn't work, type  X <return>  to quit.

Missing character: There is no G in font nullfont!
Missing character: There is no l in font nullfont!
Missing character: There is no o in font nullfont!
Missing character: There is no s in font nullfont!
Missing character: There is no a in font nullfont!
Missing character: There is no r in font nullfont!
Missing character: There is no i in font nullfont!
Missing character: There is no o in font nullfont!
Missing character: There is no / in font nullfont!
Missing character: There is no g in font nullfont!
Missing character: There is no l in font nullfont!
Missing character: There is no o in font nullfont!
Missing character: There is no s in font nullfont!
Missing character: There is no a in font nullfont!
Missing character: There is no r in font nullfont!
Missing character: There is no i in font nullfont!
Missing character: There is no o in font nullfont!

Overfull \hbox (20.0pt too wide) in paragraph at lines 106--108
[] 
 []


! LaTeX Error: The font size command \normalsize is not defined:
               there is probably something wrong with the class file.

See the LaTeX manual or LaTeX Companion for explanation.
Type  H <return>  for immediate help.
 ...                                              
                                                  
l.110 \newpage
              
Your command was ignored.
Type  I <command> <return>  to replace it with another command,
or  <return>  to continue without it.

[2]
! Undefined control sequence.
l.112 \startarabicpagination
                            
The control sequence at the end of the top line
of your error message was never \def'ed. If you have
misspelled it (e.g., `\hobx'), type `I' and the correct
spelling (e.g., `I\hbox'). Otherwise just continue,
and I'll forget about whatever was undefined.

)
! Emergency stop.
<*> portada.tex
               
*** (job aborted, no legal \end found)

 
Here is how much of TeX's memory you used:
 17 strings out of 494850
 267 string characters out of 6178024
 52007 words of memory out of 5000000
 3414 multiletter control sequences out of 15000+600000
 3986 words of font info for 15 fonts, out of 8000000 for 9000
 62 hyphenation exceptions out of 8191
 18i,4n,14p,564b,113s stack positions out of 5000i,500n,10000p,200000b,80000s
!  ==> Fatal error occurred, no output PDF file produced!
